<?xml version="1.0" encoding="UTF-8"?>
<testsuite xmlns:xsi="http://www.w3.org/2001/XMLSchema-instance" xsi:noNamespaceSchemaLocation="https://maven.apache.org/surefire/maven-surefire-plugin/xsd/surefire-test-report.xsd" version="3.0.2" name="com.omega.on.producer.ProducerApplicationTests" time="6.704" tests="1" errors="0" skipped="0" failures="0">
  <properties>
    <property name="java.specification.version" value="24"/>
    <property name="spring-cloud-stream.version" value="4.3.0"/>
    <property name="sun.jnu.encoding" value="UTF-8"/>
    <property name="java.class.path" value="/media/sobremesa/respaldo/Development/omegaON/target/test-classes:/media/sobremesa/respaldo/Development/omegaON/target/classes:/home/sobremesa/.m2/repository/org/springframework/boot/spring-boot-starter-integration/3.5.3/spring-boot-starter-integration-3.5.3.jar:/home/sobremesa/.m2/repository/org/springframework/boot/spring-boot-starter/3.5.3/spring-boot-starter-3.5.3.jar:/home/sobremesa/.m2/repository/org/springframework/boot/spring-boot/3.5.3/spring-boot-3.5.3.jar:/home/sobremesa/.m2/repository/org/springframework/boot/spring-boot-autoconfigure/3.5.3/spring-boot-autoconfigure-3.5.3.jar:/home/sobremesa/.m2/repository/org/springframework/boot/spring-boot-starter-logging/3.5.3/spring-boot-starter-logging-3.5.3.jar:/home/sobremesa/.m2/repository/org/apache/logging/log4j/log4j-to-slf4j/2.24.3/log4j-to-slf4j-2.24.3.jar:/home/sobremesa/.m2/repository/org/apache/logging/log4j/log4j-api/2.24.3/log4j-api-2.24.3.jar:/home/sobremesa/.m2/repository/org/slf4j/jul-to-slf4j/2.0.17/jul-to-slf4j-2.0.17.jar:/home/sobremesa/.m2/repository/jakarta/annotation/jakarta.annotation-api/2.1.1/jakarta.annotation-api-2.1.1.jar:/home/sobremesa/.m2/repository/org/yaml/snakeyaml/2.4/snakeyaml-2.4.jar:/home/sobremesa/.m2/repository/org/springframework/integration/spring-integration-core/6.5.0/spring-integration-core-6.5.0.jar:/home/sobremesa/.m2/repository/org/springframework/spring-aop/6.2.8/spring-aop-6.2.8.jar:/home/sobremesa/.m2/repository/io/projectreactor/reactor-core/3.7.7/reactor-core-3.7.7.jar:/home/sobremesa/.m2/repository/org/reactivestreams/reactive-streams/1.0.4/reactive-streams-1.0.4.jar:/home/sobremesa/.m2/repository/org/springframework/cloud/spring-cloud-stream/4.3.0/spring-cloud-stream-4.3.0.jar:/home/sobremesa/.m2/repository/org/springframework/boot/spring-boot-starter-validation/3.5.3/spring-boot-starter-validation-3.5.3.jar:/home/sobremesa/.m2/repository/org/apache/tomcat/embed/tomcat-embed-el/10.1.42/tomcat-embed-el-10.1.42.jar:/home/sobremesa/.m2/repository/org/hibernate/validator/hibernate-validator/8.0.2.Final/hibernate-validator-8.0.2.Final.jar:/home/sobremesa/.m2/repository/jakarta/validation/jakarta.validation-api/3.0.2/jakarta.validation-api-3.0.2.jar:/home/sobremesa/.m2/repository/org/jboss/logging/jboss-logging/3.6.1.Final/jboss-logging-3.6.1.Final.jar:/home/sobremesa/.m2/repository/com/fasterxml/classmate/1.7.0/classmate-1.7.0.jar:/home/sobremesa/.m2/repository/org/springframework/spring-messaging/6.2.8/spring-messaging-6.2.8.jar:/home/sobremesa/.m2/repository/org/springframework/spring-beans/6.2.8/spring-beans-6.2.8.jar:/home/sobremesa/.m2/repository/org/springframework/integration/spring-integration-jmx/6.5.0/spring-integration-jmx-6.5.0.jar:/home/sobremesa/.m2/repository/org/springframework/retry/spring-retry/2.0.12/spring-retry-2.0.12.jar:/home/sobremesa/.m2/repository/org/springframework/cloud/spring-cloud-function-context/4.3.0/spring-cloud-function-context-4.3.0.jar:/home/sobremesa/.m2/repository/org/springframework/cloud/spring-cloud-function-core/4.3.0/spring-cloud-function-core-4.3.0.jar:/home/sobremesa/.m2/repository/com/fasterxml/jackson/datatype/jackson-datatype-jsr310/2.19.1/jackson-datatype-jsr310-2.19.1.jar:/home/sobremesa/.m2/repository/com/fasterxml/jackson/core/jackson-annotations/2.19.1/jackson-annotations-2.19.1.jar:/home/sobremesa/.m2/repository/com/fasterxml/jackson/core/jackson-core/2.19.1/jackson-core-2.19.1.jar:/home/sobremesa/.m2/repository/com/fasterxml/jackson/datatype/jackson-datatype-joda/2.19.1/jackson-datatype-joda-2.19.1.jar:/home/sobremesa/.m2/repository/joda-time/joda-time/2.12.7/joda-time-2.12.7.jar:/home/sobremesa/.m2/repository/com/fasterxml/jackson/core/jackson-databind/2.19.1/jackson-databind-2.19.1.jar:/home/sobremesa/.m2/repository/org/springframework/cloud/spring-cloud-stream-binder-kafka/4.3.0/spring-cloud-stream-binder-kafka-4.3.0.jar:/home/sobremesa/.m2/repository/org/springframework/cloud/spring-cloud-stream-binder-kafka-core/4.3.0/spring-cloud-stream-binder-kafka-core-4.3.0.jar:/home/sobremesa/.m2/repository/org/springframework/integration/spring-integration-kafka/6.5.0/spring-integration-kafka-6.5.0.jar:/home/sobremesa/.m2/repository/org/springframework/kafka/spring-kafka/3.3.7/spring-kafka-3.3.7.jar:/home/sobremesa/.m2/repository/org/springframework/spring-context/6.2.8/spring-context-6.2.8.jar:/home/sobremesa/.m2/repository/org/springframework/spring-expression/6.2.8/spring-expression-6.2.8.jar:/home/sobremesa/.m2/repository/org/springframework/spring-tx/6.2.8/spring-tx-6.2.8.jar:/home/sobremesa/.m2/repository/org/apache/kafka/kafka-clients/3.9.1/kafka-clients-3.9.1.jar:/home/sobremesa/.m2/repository/com/github/luben/zstd-jni/1.5.6-4/zstd-jni-1.5.6-4.jar:/home/sobremesa/.m2/repository/org/lz4/lz4-java/1.8.0/lz4-java-1.8.0.jar:/home/sobremesa/.m2/repository/org/xerial/snappy/snappy-java/1.1.10.5/snappy-java-1.1.10.5.jar:/home/sobremesa/.m2/repository/org/slf4j/slf4j-api/2.0.17/slf4j-api-2.0.17.jar:/home/sobremesa/.m2/repository/io/micrometer/micrometer-observation/1.15.1/micrometer-observation-1.15.1.jar:/home/sobremesa/.m2/repository/io/micrometer/micrometer-commons/1.15.1/micrometer-commons-1.15.1.jar:/home/sobremesa/.m2/repository/org/springframework/boot/spring-boot-starter-test/3.5.3/spring-boot-starter-test-3.5.3.jar:/home/sobremesa/.m2/repository/org/springframework/boot/spring-boot-test/3.5.3/spring-boot-test-3.5.3.jar:/home/sobremesa/.m2/repository/org/springframework/boot/spring-boot-test-autoconfigure/3.5.3/spring-boot-test-autoconfigure-3.5.3.jar:/home/sobremesa/.m2/repository/com/jayway/jsonpath/json-path/2.9.0/json-path-2.9.0.jar:/home/sobremesa/.m2/repository/jakarta/xml/bind/jakarta.xml.bind-api/4.0.2/jakarta.xml.bind-api-4.0.2.jar:/home/sobremesa/.m2/repository/jakarta/activation/jakarta.activation-api/2.1.3/jakarta.activation-api-2.1.3.jar:/home/sobremesa/.m2/repository/net/minidev/json-smart/2.5.2/json-smart-2.5.2.jar:/home/sobremesa/.m2/repository/net/minidev/accessors-smart/2.5.2/accessors-smart-2.5.2.jar:/home/sobremesa/.m2/repository/org/ow2/asm/asm/9.7.1/asm-9.7.1.jar:/home/sobremesa/.m2/repository/org/assertj/assertj-core/3.27.3/assertj-core-3.27.3.jar:/home/sobremesa/.m2/repository/net/bytebuddy/byte-buddy/1.17.6/byte-buddy-1.17.6.jar:/home/sobremesa/.m2/repository/org/awaitility/awaitility/4.2.2/awaitility-4.2.2.jar:/home/sobremesa/.m2/repository/org/hamcrest/hamcrest/3.0/hamcrest-3.0.jar:/home/sobremesa/.m2/repository/org/junit/jupiter/junit-jupiter/5.12.2/junit-jupiter-5.12.2.jar:/home/sobremesa/.m2/repository/org/junit/jupiter/junit-jupiter-params/5.12.2/junit-jupiter-params-5.12.2.jar:/home/sobremesa/.m2/repository/org/junit/jupiter/junit-jupiter-engine/5.12.2/junit-jupiter-engine-5.12.2.jar:/home/sobremesa/.m2/repository/org/mockito/mockito-core/5.17.0/mockito-core-5.17.0.jar:/home/sobremesa/.m2/repository/net/bytebuddy/byte-buddy-agent/1.17.6/byte-buddy-agent-1.17.6.jar:/home/sobremesa/.m2/repository/org/objenesis/objenesis/3.3/objenesis-3.3.jar:/home/sobremesa/.m2/repository/org/mockito/mockito-junit-jupiter/5.17.0/mockito-junit-jupiter-5.17.0.jar:/home/sobremesa/.m2/repository/org/skyscreamer/jsonassert/1.5.3/jsonassert-1.5.3.jar:/home/sobremesa/.m2/repository/com/vaadin/external/google/android-json/0.0.20131108.vaadin1/android-json-0.0.20131108.vaadin1.jar:/home/sobremesa/.m2/repository/org/springframework/spring-core/6.2.8/spring-core-6.2.8.jar:/home/sobremesa/.m2/repository/org/springframework/spring-jcl/6.2.8/spring-jcl-6.2.8.jar:/home/sobremesa/.m2/repository/org/springframework/spring-test/6.2.8/spring-test-6.2.8.jar:/home/sobremesa/.m2/repository/org/xmlunit/xmlunit-core/2.10.2/xmlunit-core-2.10.2.jar:/home/sobremesa/.m2/repository/org/springframework/cloud/spring-cloud-stream-test-binder/4.3.0/spring-cloud-stream-test-binder-4.3.0.jar:/home/sobremesa/.m2/repository/org/springframework/integration/spring-integration-test/6.5.0/spring-integration-test-6.5.0.jar:/home/sobremesa/.m2/repository/org/springframework/integration/spring-integration-test-support/6.5.0/spring-integration-test-support-6.5.0.jar:/home/sobremesa/.m2/repository/org/hamcrest/hamcrest-library/3.0/hamcrest-library-3.0.jar:/home/sobremesa/.m2/repository/org/hamcrest/hamcrest-core/3.0/hamcrest-core-3.0.jar:/home/sobremesa/.m2/repository/org/springframework/kafka/spring-kafka-test/3.3.7/spring-kafka-test-3.3.7.jar:/home/sobremesa/.m2/repository/org/apache/zookeeper/zookeeper/3.8.4/zookeeper-3.8.4.jar:/home/sobremesa/.m2/repository/org/apache/zookeeper/zookeeper-jute/3.8.4/zookeeper-jute-3.8.4.jar:/home/sobremesa/.m2/repository/org/apache/yetus/audience-annotations/0.12.0/audience-annotations-0.12.0.jar:/home/sobremesa/.m2/repository/io/netty/netty-handler/4.1.122.Final/netty-handler-4.1.122.Final.jar:/home/sobremesa/.m2/repository/io/netty/netty-common/4.1.122.Final/netty-common-4.1.122.Final.jar:/home/sobremesa/.m2/repository/io/netty/netty-resolver/4.1.122.Final/netty-resolver-4.1.122.Final.jar:/home/sobremesa/.m2/repository/io/netty/netty-buffer/4.1.122.Final/netty-buffer-4.1.122.Final.jar:/home/sobremesa/.m2/repository/io/netty/netty-transport/4.1.122.Final/netty-transport-4.1.122.Final.jar:/home/sobremesa/.m2/repository/io/netty/netty-transport-native-unix-common/4.1.122.Final/netty-transport-native-unix-common-4.1.122.Final.jar:/home/sobremesa/.m2/repository/io/netty/netty-codec/4.1.122.Final/netty-codec-4.1.122.Final.jar:/home/sobremesa/.m2/repository/io/netty/netty-transport-native-epoll/4.1.122.Final/netty-transport-native-epoll-4.1.122.Final.jar:/home/sobremesa/.m2/repository/io/netty/netty-transport-classes-epoll/4.1.122.Final/netty-transport-classes-epoll-4.1.122.Final.jar:/home/sobremesa/.m2/repository/ch/qos/logback/logback-core/1.5.18/logback-core-1.5.18.jar:/home/sobremesa/.m2/repository/ch/qos/logback/logback-classic/1.5.18/logback-classic-1.5.18.jar:/home/sobremesa/.m2/repository/commons-io/commons-io/2.11.0/commons-io-2.11.0.jar:/home/sobremesa/.m2/repository/org/apache/kafka/kafka-clients/3.9.1/kafka-clients-3.9.1-test.jar:/home/sobremesa/.m2/repository/org/apache/kafka/kafka-server/3.9.1/kafka-server-3.9.1.jar:/home/sobremesa/.m2/repository/org/apache/kafka/kafka-storage/3.9.1/kafka-storage-3.9.1.jar:/home/sobremesa/.m2/repository/com/github/ben-manes/caffeine/caffeine/3.2.1/caffeine-3.2.1.jar:/home/sobremesa/.m2/repository/org/jspecify/jspecify/1.0.0/jspecify-1.0.0.jar:/home/sobremesa/.m2/repository/com/google/errorprone/error_prone_annotations/2.38.0/error_prone_annotations-2.38.0.jar:/home/sobremesa/.m2/repository/org/apache/kafka/kafka-group-coordinator/3.9.1/kafka-group-coordinator-3.9.1.jar:/home/sobremesa/.m2/repository/org/apache/kafka/kafka-transaction-coordinator/3.9.1/kafka-transaction-coordinator-3.9.1.jar:/home/sobremesa/.m2/repository/org/apache/kafka/kafka-raft/3.9.1/kafka-raft-3.9.1.jar:/home/sobremesa/.m2/repository/com/yammer/metrics/metrics-core/2.2.0/metrics-core-2.2.0.jar:/home/sobremesa/.m2/repository/org/apache/kafka/kafka-metadata/3.9.1/kafka-metadata-3.9.1.jar:/home/sobremesa/.m2/repository/com/fasterxml/jackson/datatype/jackson-datatype-jdk8/2.19.1/jackson-datatype-jdk8-2.19.1.jar:/home/sobremesa/.m2/repository/org/apache/kafka/kafka-server-common/3.9.1/kafka-server-common-3.9.1.jar:/home/sobremesa/.m2/repository/net/sf/jopt-simple/jopt-simple/5.0.4/jopt-simple-5.0.4.jar:/home/sobremesa/.m2/repository/org/pcollections/pcollections/4.0.1/pcollections-4.0.1.jar:/home/sobremesa/.m2/repository/org/apache/kafka/kafka-server-common/3.9.1/kafka-server-common-3.9.1-test.jar:/home/sobremesa/.m2/repository/org/apache/kafka/kafka-streams-test-utils/3.9.1/kafka-streams-test-utils-3.9.1.jar:/home/sobremesa/.m2/repository/org/apache/kafka/kafka-streams/3.9.1/kafka-streams-3.9.1.jar:/home/sobremesa/.m2/repository/org/rocksdb/rocksdbjni/7.9.2/rocksdbjni-7.9.2.jar:/home/sobremesa/.m2/repository/org/apache/kafka/kafka_2.13/3.9.1/kafka_2.13-3.9.1.jar:/home/sobremesa/.m2/repository/org/scala-lang/scala-library/2.13.15/scala-library-2.13.15.jar:/home/sobremesa/.m2/repository/org/apache/kafka/kafka-group-coordinator-api/3.9.1/kafka-group-coordinator-api-3.9.1.jar:/home/sobremesa/.m2/repository/org/apache/kafka/kafka-storage-api/3.9.1/kafka-storage-api-3.9.1.jar:/home/sobremesa/.m2/repository/org/apache/kafka/kafka-tools-api/3.9.1/kafka-tools-api-3.9.1.jar:/home/sobremesa/.m2/repository/net/sourceforge/argparse4j/argparse4j/0.7.0/argparse4j-0.7.0.jar:/home/sobremesa/.m2/repository/commons-validator/commons-validator/1.7/commons-validator-1.7.jar:/home/sobremesa/.m2/repository/commons-beanutils/commons-beanutils/1.9.4/commons-beanutils-1.9.4.jar:/home/sobremesa/.m2/repository/commons-digester/commons-digester/2.1/commons-digester-2.1.jar:/home/sobremesa/.m2/repository/commons-collections/commons-collections/3.2.2/commons-collections-3.2.2.jar:/home/sobremesa/.m2/repository/com/fasterxml/jackson/module/jackson-module-scala_2.13/2.19.1/jackson-module-scala_2.13-2.19.1.jar:/home/sobremesa/.m2/repository/com/thoughtworks/paranamer/paranamer/2.8.3/paranamer-2.8.3.jar:/home/sobremesa/.m2/repository/com/fasterxml/jackson/dataformat/jackson-dataformat-csv/2.19.1/jackson-dataformat-csv-2.19.1.jar:/home/sobremesa/.m2/repository/org/bitbucket/b_c/jose4j/0.9.4/jose4j-0.9.4.jar:/home/sobremesa/.m2/repository/org/scala-lang/modules/scala-collection-compat_2.13/2.10.0/scala-collection-compat_2.13-2.10.0.jar:/home/sobremesa/.m2/repository/org/scala-lang/modules/scala-java8-compat_2.13/1.0.2/scala-java8-compat_2.13-1.0.2.jar:/home/sobremesa/.m2/repository/org/scala-lang/scala-reflect/2.13.15/scala-reflect-2.13.15.jar:/home/sobremesa/.m2/repository/com/typesafe/scala-logging/scala-logging_2.13/3.9.5/scala-logging_2.13-3.9.5.jar:/home/sobremesa/.m2/repository/io/dropwizard/metrics/metrics-core/4.1.12.1/metrics-core-4.1.12.1.jar:/home/sobremesa/.m2/repository/commons-cli/commons-cli/1.4/commons-cli-1.4.jar:/home/sobremesa/.m2/repository/org/apache/kafka/kafka_2.13/3.9.1/kafka_2.13-3.9.1-test.jar:/home/sobremesa/.m2/repository/org/junit/jupiter/junit-jupiter-api/5.12.2/junit-jupiter-api-5.12.2.jar:/home/sobremesa/.m2/repository/org/opentest4j/opentest4j/1.3.0/opentest4j-1.3.0.jar:/home/sobremesa/.m2/repository/org/junit/platform/junit-platform-commons/1.12.2/junit-platform-commons-1.12.2.jar:/home/sobremesa/.m2/repository/org/apiguardian/apiguardian-api/1.1.2/apiguardian-api-1.1.2.jar:/home/sobremesa/.m2/repository/org/junit/platform/junit-platform-launcher/1.12.2/junit-platform-launcher-1.12.2.jar:/home/sobremesa/.m2/repository/org/junit/platform/junit-platform-engine/1.12.2/junit-platform-engine-1.12.2.jar:"/>
    <property name="java.vm.vendor" value="Oracle Corporation"/>
    <property name="sun.arch.data.model" value="64"/>
    <property name="java.vendor.url" value="https://java.oracle.com/"/>
    <property name="user.timezone" value="Europe/Madrid"/>
    <property name="org.jboss.logging.provider" value="slf4j"/>
    <property name="os.name" value="Linux"/>
    <property name="java.vm.specification.version" value="24"/>
    <property name="APPLICATION_NAME" value="producer"/>
    <property name="sun.java.launcher" value="SUN_STANDARD"/>
    <property name="user.country" value="ES"/>
    <property name="sun.boot.library.path" value="/home/sobremesa/.jdks/openjdk-24.0.1/lib"/>
    <property name="sun.java.command" value="/media/sobremesa/respaldo/Development/omegaON/target/surefire/surefirebooter-20250704231250558_3.jar /media/sobremesa/respaldo/Development/omegaON/target/surefire 2025-07-04T23-12-50_276-jvmRun1 surefire-20250704231250558_1tmp surefire_0-20250704231250558_2tmp"/>
    <property name="jdk.debug" value="release"/>
    <property name="surefire.test.class.path" value="/media/sobremesa/respaldo/Development/omegaON/target/test-classes:/media/sobremesa/respaldo/Development/omegaON/target/classes:/home/sobremesa/.m2/repository/org/springframework/boot/spring-boot-starter-integration/3.5.3/spring-boot-starter-integration-3.5.3.jar:/home/sobremesa/.m2/repository/org/springframework/boot/spring-boot-starter/3.5.3/spring-boot-starter-3.5.3.jar:/home/sobremesa/.m2/repository/org/springframework/boot/spring-boot/3.5.3/spring-boot-3.5.3.jar:/home/sobremesa/.m2/repository/org/springframework/boot/spring-boot-autoconfigure/3.5.3/spring-boot-autoconfigure-3.5.3.jar:/home/sobremesa/.m2/repository/org/springframework/boot/spring-boot-starter-logging/3.5.3/spring-boot-starter-logging-3.5.3.jar:/home/sobremesa/.m2/repository/org/apache/logging/log4j/log4j-to-slf4j/2.24.3/log4j-to-slf4j-2.24.3.jar:/home/sobremesa/.m2/repository/org/apache/logging/log4j/log4j-api/2.24.3/log4j-api-2.24.3.jar:/home/sobremesa/.m2/repository/org/slf4j/jul-to-slf4j/2.0.17/jul-to-slf4j-2.0.17.jar:/home/sobremesa/.m2/repository/jakarta/annotation/jakarta.annotation-api/2.1.1/jakarta.annotation-api-2.1.1.jar:/home/sobremesa/.m2/repository/org/yaml/snakeyaml/2.4/snakeyaml-2.4.jar:/home/sobremesa/.m2/repository/org/springframework/integration/spring-integration-core/6.5.0/spring-integration-core-6.5.0.jar:/home/sobremesa/.m2/repository/org/springframework/spring-aop/6.2.8/spring-aop-6.2.8.jar:/home/sobremesa/.m2/repository/io/projectreactor/reactor-core/3.7.7/reactor-core-3.7.7.jar:/home/sobremesa/.m2/repository/org/reactivestreams/reactive-streams/1.0.4/reactive-streams-1.0.4.jar:/home/sobremesa/.m2/repository/org/springframework/cloud/spring-cloud-stream/4.3.0/spring-cloud-stream-4.3.0.jar:/home/sobremesa/.m2/repository/org/springframework/boot/spring-boot-starter-validation/3.5.3/spring-boot-starter-validation-3.5.3.jar:/home/sobremesa/.m2/repository/org/apache/tomcat/embed/tomcat-embed-el/10.1.42/tomcat-embed-el-10.1.42.jar:/home/sobremesa/.m2/repository/org/hibernate/validator/hibernate-validator/8.0.2.Final/hibernate-validator-8.0.2.Final.jar:/home/sobremesa/.m2/repository/jakarta/validation/jakarta.validation-api/3.0.2/jakarta.validation-api-3.0.2.jar:/home/sobremesa/.m2/repository/org/jboss/logging/jboss-logging/3.6.1.Final/jboss-logging-3.6.1.Final.jar:/home/sobremesa/.m2/repository/com/fasterxml/classmate/1.7.0/classmate-1.7.0.jar:/home/sobremesa/.m2/repository/org/springframework/spring-messaging/6.2.8/spring-messaging-6.2.8.jar:/home/sobremesa/.m2/repository/org/springframework/spring-beans/6.2.8/spring-beans-6.2.8.jar:/home/sobremesa/.m2/repository/org/springframework/integration/spring-integration-jmx/6.5.0/spring-integration-jmx-6.5.0.jar:/home/sobremesa/.m2/repository/org/springframework/retry/spring-retry/2.0.12/spring-retry-2.0.12.jar:/home/sobremesa/.m2/repository/org/springframework/cloud/spring-cloud-function-context/4.3.0/spring-cloud-function-context-4.3.0.jar:/home/sobremesa/.m2/repository/org/springframework/cloud/spring-cloud-function-core/4.3.0/spring-cloud-function-core-4.3.0.jar:/home/sobremesa/.m2/repository/com/fasterxml/jackson/datatype/jackson-datatype-jsr310/2.19.1/jackson-datatype-jsr310-2.19.1.jar:/home/sobremesa/.m2/repository/com/fasterxml/jackson/core/jackson-annotations/2.19.1/jackson-annotations-2.19.1.jar:/home/sobremesa/.m2/repository/com/fasterxml/jackson/core/jackson-core/2.19.1/jackson-core-2.19.1.jar:/home/sobremesa/.m2/repository/com/fasterxml/jackson/datatype/jackson-datatype-joda/2.19.1/jackson-datatype-joda-2.19.1.jar:/home/sobremesa/.m2/repository/joda-time/joda-time/2.12.7/joda-time-2.12.7.jar:/home/sobremesa/.m2/repository/com/fasterxml/jackson/core/jackson-databind/2.19.1/jackson-databind-2.19.1.jar:/home/sobremesa/.m2/repository/org/springframework/cloud/spring-cloud-stream-binder-kafka/4.3.0/spring-cloud-stream-binder-kafka-4.3.0.jar:/home/sobremesa/.m2/repository/org/springframework/cloud/spring-cloud-stream-binder-kafka-core/4.3.0/spring-cloud-stream-binder-kafka-core-4.3.0.jar:/home/sobremesa/.m2/repository/org/springframework/integration/spring-integration-kafka/6.5.0/spring-integration-kafka-6.5.0.jar:/home/sobremesa/.m2/repository/org/springframework/kafka/spring-kafka/3.3.7/spring-kafka-3.3.7.jar:/home/sobremesa/.m2/repository/org/springframework/spring-context/6.2.8/spring-context-6.2.8.jar:/home/sobremesa/.m2/repository/org/springframework/spring-expression/6.2.8/spring-expression-6.2.8.jar:/home/sobremesa/.m2/repository/org/springframework/spring-tx/6.2.8/spring-tx-6.2.8.jar:/home/sobremesa/.m2/repository/org/apache/kafka/kafka-clients/3.9.1/kafka-clients-3.9.1.jar:/home/sobremesa/.m2/repository/com/github/luben/zstd-jni/1.5.6-4/zstd-jni-1.5.6-4.jar:/home/sobremesa/.m2/repository/org/lz4/lz4-java/1.8.0/lz4-java-1.8.0.jar:/home/sobremesa/.m2/repository/org/xerial/snappy/snappy-java/1.1.10.5/snappy-java-1.1.10.5.jar:/home/sobremesa/.m2/repository/org/slf4j/slf4j-api/2.0.17/slf4j-api-2.0.17.jar:/home/sobremesa/.m2/repository/io/micrometer/micrometer-observation/1.15.1/micrometer-observation-1.15.1.jar:/home/sobremesa/.m2/repository/io/micrometer/micrometer-commons/1.15.1/micrometer-commons-1.15.1.jar:/home/sobremesa/.m2/repository/org/springframework/boot/spring-boot-starter-test/3.5.3/spring-boot-starter-test-3.5.3.jar:/home/sobremesa/.m2/repository/org/springframework/boot/spring-boot-test/3.5.3/spring-boot-test-3.5.3.jar:/home/sobremesa/.m2/repository/org/springframework/boot/spring-boot-test-autoconfigure/3.5.3/spring-boot-test-autoconfigure-3.5.3.jar:/home/sobremesa/.m2/repository/com/jayway/jsonpath/json-path/2.9.0/json-path-2.9.0.jar:/home/sobremesa/.m2/repository/jakarta/xml/bind/jakarta.xml.bind-api/4.0.2/jakarta.xml.bind-api-4.0.2.jar:/home/sobremesa/.m2/repository/jakarta/activation/jakarta.activation-api/2.1.3/jakarta.activation-api-2.1.3.jar:/home/sobremesa/.m2/repository/net/minidev/json-smart/2.5.2/json-smart-2.5.2.jar:/home/sobremesa/.m2/repository/net/minidev/accessors-smart/2.5.2/accessors-smart-2.5.2.jar:/home/sobremesa/.m2/repository/org/ow2/asm/asm/9.7.1/asm-9.7.1.jar:/home/sobremesa/.m2/repository/org/assertj/assertj-core/3.27.3/assertj-core-3.27.3.jar:/home/sobremesa/.m2/repository/net/bytebuddy/byte-buddy/1.17.6/byte-buddy-1.17.6.jar:/home/sobremesa/.m2/repository/org/awaitility/awaitility/4.2.2/awaitility-4.2.2.jar:/home/sobremesa/.m2/repository/org/hamcrest/hamcrest/3.0/hamcrest-3.0.jar:/home/sobremesa/.m2/repository/org/junit/jupiter/junit-jupiter/5.12.2/junit-jupiter-5.12.2.jar:/home/sobremesa/.m2/repository/org/junit/jupiter/junit-jupiter-params/5.12.2/junit-jupiter-params-5.12.2.jar:/home/sobremesa/.m2/repository/org/junit/jupiter/junit-jupiter-engine/5.12.2/junit-jupiter-engine-5.12.2.jar:/home/sobremesa/.m2/repository/org/mockito/mockito-core/5.17.0/mockito-core-5.17.0.jar:/home/sobremesa/.m2/repository/net/bytebuddy/byte-buddy-agent/1.17.6/byte-buddy-agent-1.17.6.jar:/home/sobremesa/.m2/repository/org/objenesis/objenesis/3.3/objenesis-3.3.jar:/home/sobremesa/.m2/repository/org/mockito/mockito-junit-jupiter/5.17.0/mockito-junit-jupiter-5.17.0.jar:/home/sobremesa/.m2/repository/org/skyscreamer/jsonassert/1.5.3/jsonassert-1.5.3.jar:/home/sobremesa/.m2/repository/com/vaadin/external/google/android-json/0.0.20131108.vaadin1/android-json-0.0.20131108.vaadin1.jar:/home/sobremesa/.m2/repository/org/springframework/spring-core/6.2.8/spring-core-6.2.8.jar:/home/sobremesa/.m2/repository/org/springframework/spring-jcl/6.2.8/spring-jcl-6.2.8.jar:/home/sobremesa/.m2/repository/org/springframework/spring-test/6.2.8/spring-test-6.2.8.jar:/home/sobremesa/.m2/repository/org/xmlunit/xmlunit-core/2.10.2/xmlunit-core-2.10.2.jar:/home/sobremesa/.m2/repository/org/springframework/cloud/spring-cloud-stream-test-binder/4.3.0/spring-cloud-stream-test-binder-4.3.0.jar:/home/sobremesa/.m2/repository/org/springframework/integration/spring-integration-test/6.5.0/spring-integration-test-6.5.0.jar:/home/sobremesa/.m2/repository/org/springframework/integration/spring-integration-test-support/6.5.0/spring-integration-test-support-6.5.0.jar:/home/sobremesa/.m2/repository/org/hamcrest/hamcrest-library/3.0/hamcrest-library-3.0.jar:/home/sobremesa/.m2/repository/org/hamcrest/hamcrest-core/3.0/hamcrest-core-3.0.jar:/home/sobremesa/.m2/repository/org/springframework/kafka/spring-kafka-test/3.3.7/spring-kafka-test-3.3.7.jar:/home/sobremesa/.m2/repository/org/apache/zookeeper/zookeeper/3.8.4/zookeeper-3.8.4.jar:/home/sobremesa/.m2/repository/org/apache/zookeeper/zookeeper-jute/3.8.4/zookeeper-jute-3.8.4.jar:/home/sobremesa/.m2/repository/org/apache/yetus/audience-annotations/0.12.0/audience-annotations-0.12.0.jar:/home/sobremesa/.m2/repository/io/netty/netty-handler/4.1.122.Final/netty-handler-4.1.122.Final.jar:/home/sobremesa/.m2/repository/io/netty/netty-common/4.1.122.Final/netty-common-4.1.122.Final.jar:/home/sobremesa/.m2/repository/io/netty/netty-resolver/4.1.122.Final/netty-resolver-4.1.122.Final.jar:/home/sobremesa/.m2/repository/io/netty/netty-buffer/4.1.122.Final/netty-buffer-4.1.122.Final.jar:/home/sobremesa/.m2/repository/io/netty/netty-transport/4.1.122.Final/netty-transport-4.1.122.Final.jar:/home/sobremesa/.m2/repository/io/netty/netty-transport-native-unix-common/4.1.122.Final/netty-transport-native-unix-common-4.1.122.Final.jar:/home/sobremesa/.m2/repository/io/netty/netty-codec/4.1.122.Final/netty-codec-4.1.122.Final.jar:/home/sobremesa/.m2/repository/io/netty/netty-transport-native-epoll/4.1.122.Final/netty-transport-native-epoll-4.1.122.Final.jar:/home/sobremesa/.m2/repository/io/netty/netty-transport-classes-epoll/4.1.122.Final/netty-transport-classes-epoll-4.1.122.Final.jar:/home/sobremesa/.m2/repository/ch/qos/logback/logback-core/1.5.18/logback-core-1.5.18.jar:/home/sobremesa/.m2/repository/ch/qos/logback/logback-classic/1.5.18/logback-classic-1.5.18.jar:/home/sobremesa/.m2/repository/commons-io/commons-io/2.11.0/commons-io-2.11.0.jar:/home/sobremesa/.m2/repository/org/apache/kafka/kafka-clients/3.9.1/kafka-clients-3.9.1-test.jar:/home/sobremesa/.m2/repository/org/apache/kafka/kafka-server/3.9.1/kafka-server-3.9.1.jar:/home/sobremesa/.m2/repository/org/apache/kafka/kafka-storage/3.9.1/kafka-storage-3.9.1.jar:/home/sobremesa/.m2/repository/com/github/ben-manes/caffeine/caffeine/3.2.1/caffeine-3.2.1.jar:/home/sobremesa/.m2/repository/org/jspecify/jspecify/1.0.0/jspecify-1.0.0.jar:/home/sobremesa/.m2/repository/com/google/errorprone/error_prone_annotations/2.38.0/error_prone_annotations-2.38.0.jar:/home/sobremesa/.m2/repository/org/apache/kafka/kafka-group-coordinator/3.9.1/kafka-group-coordinator-3.9.1.jar:/home/sobremesa/.m2/repository/org/apache/kafka/kafka-transaction-coordinator/3.9.1/kafka-transaction-coordinator-3.9.1.jar:/home/sobremesa/.m2/repository/org/apache/kafka/kafka-raft/3.9.1/kafka-raft-3.9.1.jar:/home/sobremesa/.m2/repository/com/yammer/metrics/metrics-core/2.2.0/metrics-core-2.2.0.jar:/home/sobremesa/.m2/repository/org/apache/kafka/kafka-metadata/3.9.1/kafka-metadata-3.9.1.jar:/home/sobremesa/.m2/repository/com/fasterxml/jackson/datatype/jackson-datatype-jdk8/2.19.1/jackson-datatype-jdk8-2.19.1.jar:/home/sobremesa/.m2/repository/org/apache/kafka/kafka-server-common/3.9.1/kafka-server-common-3.9.1.jar:/home/sobremesa/.m2/repository/net/sf/jopt-simple/jopt-simple/5.0.4/jopt-simple-5.0.4.jar:/home/sobremesa/.m2/repository/org/pcollections/pcollections/4.0.1/pcollections-4.0.1.jar:/home/sobremesa/.m2/repository/org/apache/kafka/kafka-server-common/3.9.1/kafka-server-common-3.9.1-test.jar:/home/sobremesa/.m2/repository/org/apache/kafka/kafka-streams-test-utils/3.9.1/kafka-streams-test-utils-3.9.1.jar:/home/sobremesa/.m2/repository/org/apache/kafka/kafka-streams/3.9.1/kafka-streams-3.9.1.jar:/home/sobremesa/.m2/repository/org/rocksdb/rocksdbjni/7.9.2/rocksdbjni-7.9.2.jar:/home/sobremesa/.m2/repository/org/apache/kafka/kafka_2.13/3.9.1/kafka_2.13-3.9.1.jar:/home/sobremesa/.m2/repository/org/scala-lang/scala-library/2.13.15/scala-library-2.13.15.jar:/home/sobremesa/.m2/repository/org/apache/kafka/kafka-group-coordinator-api/3.9.1/kafka-group-coordinator-api-3.9.1.jar:/home/sobremesa/.m2/repository/org/apache/kafka/kafka-storage-api/3.9.1/kafka-storage-api-3.9.1.jar:/home/sobremesa/.m2/repository/org/apache/kafka/kafka-tools-api/3.9.1/kafka-tools-api-3.9.1.jar:/home/sobremesa/.m2/repository/net/sourceforge/argparse4j/argparse4j/0.7.0/argparse4j-0.7.0.jar:/home/sobremesa/.m2/repository/commons-validator/commons-validator/1.7/commons-validator-1.7.jar:/home/sobremesa/.m2/repository/commons-beanutils/commons-beanutils/1.9.4/commons-beanutils-1.9.4.jar:/home/sobremesa/.m2/repository/commons-digester/commons-digester/2.1/commons-digester-2.1.jar:/home/sobremesa/.m2/repository/commons-collections/commons-collections/3.2.2/commons-collections-3.2.2.jar:/home/sobremesa/.m2/repository/com/fasterxml/jackson/module/jackson-module-scala_2.13/2.19.1/jackson-module-scala_2.13-2.19.1.jar:/home/sobremesa/.m2/repository/com/thoughtworks/paranamer/paranamer/2.8.3/paranamer-2.8.3.jar:/home/sobremesa/.m2/repository/com/fasterxml/jackson/dataformat/jackson-dataformat-csv/2.19.1/jackson-dataformat-csv-2.19.1.jar:/home/sobremesa/.m2/repository/org/bitbucket/b_c/jose4j/0.9.4/jose4j-0.9.4.jar:/home/sobremesa/.m2/repository/org/scala-lang/modules/scala-collection-compat_2.13/2.10.0/scala-collection-compat_2.13-2.10.0.jar:/home/sobremesa/.m2/repository/org/scala-lang/modules/scala-java8-compat_2.13/1.0.2/scala-java8-compat_2.13-1.0.2.jar:/home/sobremesa/.m2/repository/org/scala-lang/scala-reflect/2.13.15/scala-reflect-2.13.15.jar:/home/sobremesa/.m2/repository/com/typesafe/scala-logging/scala-logging_2.13/3.9.5/scala-logging_2.13-3.9.5.jar:/home/sobremesa/.m2/repository/io/dropwizard/metrics/metrics-core/4.1.12.1/metrics-core-4.1.12.1.jar:/home/sobremesa/.m2/repository/commons-cli/commons-cli/1.4/commons-cli-1.4.jar:/home/sobremesa/.m2/repository/org/apache/kafka/kafka_2.13/3.9.1/kafka_2.13-3.9.1-test.jar:/home/sobremesa/.m2/repository/org/junit/jupiter/junit-jupiter-api/5.12.2/junit-jupiter-api-5.12.2.jar:/home/sobremesa/.m2/repository/org/opentest4j/opentest4j/1.3.0/opentest4j-1.3.0.jar:/home/sobremesa/.m2/repository/org/junit/platform/junit-platform-commons/1.12.2/junit-platform-commons-1.12.2.jar:/home/sobremesa/.m2/repository/org/apiguardian/apiguardian-api/1.1.2/apiguardian-api-1.1.2.jar:/home/sobremesa/.m2/repository/org/junit/platform/junit-platform-launcher/1.12.2/junit-platform-launcher-1.12.2.jar:/home/sobremesa/.m2/repository/org/junit/platform/junit-platform-engine/1.12.2/junit-platform-engine-1.12.2.jar:"/>
    <property name="sun.cpu.endian" value="little"/>
    <property name="user.home" value="/home/sobremesa"/>
    <property name="user.language" value="es"/>
    <property name="java.specification.vendor" value="Oracle Corporation"/>
    <property name="java.version.date" value="2025-04-15"/>
    <property name="java.home" value="/home/sobremesa/.jdks/openjdk-24.0.1"/>
    <property name="file.separator" value="/"/>
    <property name="basedir" value="/media/sobremesa/respaldo/Development/omegaON"/>
    <property name="java.vm.compressedOopsMode" value="Zero based"/>
    <property name="line.separator" value="&#10;"/>
    <property name="java.vm.specification.vendor" value="Oracle Corporation"/>
    <property name="java.specification.name" value="Java Platform API Specification"/>
    <property name="FILE_LOG_CHARSET" value="UTF-8"/>
    <property name="java.awt.headless" value="true"/>
    <property name="spring-cloud-function.version" value="4.3.0"/>
    <property name="surefire.real.class.path" value="/media/sobremesa/respaldo/Development/omegaON/target/surefire/surefirebooter-20250704231250558_3.jar"/>
    <property name="sun.management.compiler" value="HotSpot 64-Bit Tiered Compilers"/>
    <property name="java.runtime.version" value="24.0.1+9-30"/>
    <property name="user.name" value="sobremesa"/>
    <property name="stdout.encoding" value="UTF-8"/>
    <property name="path.separator" value=":"/>
    <property name="os.version" value="6.11.0-29-generic"/>
    <property name="java.runtime.name" value="OpenJDK Runtime Environment"/>
    <property name="file.encoding" value="UTF-8"/>
    <property name="java.vm.name" value="OpenJDK 64-Bit Server VM"/>
    <property name="localRepository" value="/home/sobremesa/.m2/repository"/>
    <property name="java.vendor.url.bug" value="https://bugreport.java.com/bugreport/"/>
    <property name="java.io.tmpdir" value="/tmp"/>
    <property name="idea.version" value="2025.1.2"/>
    <property name="java.version" value="24.0.1"/>
    <property name="user.dir" value="/media/sobremesa/respaldo/Development/omegaON"/>
    <property name="os.arch" value="amd64"/>
    <property name="java.vm.specification.name" value="Java Virtual Machine Specification"/>
    <property name="PID" value="6504"/>
    <property name="CONSOLE_LOG_CHARSET" value="UTF-8"/>
    <property name="native.encoding" value="UTF-8"/>
    <property name="java.library.path" value="/usr/java/packages/lib:/usr/lib64:/lib64:/lib:/usr/lib"/>
    <property name="java.vm.info" value="mixed mode, sharing"/>
    <property name="stderr.encoding" value="UTF-8"/>
    <property name="java.vendor" value="Oracle Corporation"/>
    <property name="java.vm.version" value="24.0.1+9-30"/>
    <property name="sun.io.unicode.encoding" value="UnicodeLittle"/>
    <property name="java.class.version" value="68.0"/>
    <property name="LOGGED_APPLICATION_NAME" value="[producer] "/>
  </properties>
  <testcase name="contextLoads" classname="com.omega.on.producer.ProducerApplicationTests" time="1.142">
    <system-out><![CDATA[23:12:51.929 [main] INFO org.springframework.test.context.support.AnnotationConfigContextLoaderUtils -- Could not detect default configuration classes for test class [com.omega.on.producer.ProducerApplicationTests]: ProducerApplicationTests does not declare any static, non-private, non-final, nested classes annotated with @Configuration.
23:12:52.240 [main] INFO org.springframework.boot.test.context.SpringBootTestContextBootstrapper -- Found @SpringBootConfiguration com.omega.on.producer.ProducerApplication for test class com.omega.on.producer.ProducerApplicationTests
  .   ____          _            __ _ _
 /\\ / ___'_ __ _ _(_)_ __  __ _ \ \ \ \
( ( )\___ | '_ | '_| | '_ \/ _` | \ \ \ \
 \\/  ___)| |_)| | | | | || (_| |  ) ) ) )
  '  |____| .__|_| |_|_| |_\__, | / / / /
 =========|_|==============|___/=/_/_/_/
 
 :: Spring Boot ::   v3.5.3
 :: Spring Cloud Stream ::   v4.3.0
 :: Spring Cloud Function ::   v4.3.0
2025-07-04T23:12:53.170+02:00  INFO 6504 --- [producer] [           main] c.o.o.producer.ProducerApplicationTests  : Starting ProducerApplicationTests using Java 24.0.1 with PID 6504 (started by sobremesa in /media/sobremesa/respaldo/Development/omegaON)
2025-07-04T23:12:53.172+02:00  INFO 6504 --- [producer] [           main] c.o.o.producer.ProducerApplicationTests  : No active profile set, falling back to 1 default profile: "default"
2025-07-04T23:12:54.150+02:00  INFO 6504 --- [producer] [           main] faultConfiguringBeanFactoryPostProcessor : No bean named 'errorChannel' has been explicitly defined. Therefore, a default PublishSubscribeChannel will be created.
2025-07-04T23:12:54.162+02:00  INFO 6504 --- [producer] [           main] faultConfiguringBeanFactoryPostProcessor : No bean named 'integrationHeaderChannelRegistry' has been explicitly defined. Therefore, a default DefaultHeaderChannelRegistry will be created.
2025-07-04T23:12:55.824+02:00  INFO 6504 --- [producer] [           main] o.a.k.clients.admin.AdminClientConfig    : AdminClientConfig values: 
	auto.include.jmx.reporter = true
	bootstrap.controllers = []
	bootstrap.servers = [localhost:9092]
	client.dns.lookup = use_all_dns_ips
	client.id = producer-admin-0
	connections.max.idle.ms = 300000
	default.api.timeout.ms = 60000
	enable.metrics.push = true
	metadata.max.age.ms = 300000
	metadata.recovery.strategy = none
	metric.reporters = []
	metrics.num.samples = 2
	metrics.recording.level = INFO
	metrics.sample.window.ms = 30000
	receive.buffer.bytes = 65536
	reconnect.backoff.max.ms = 1000
	reconnect.backoff.ms = 50
	request.timeout.ms = 30000
	retries = 2147483647
	retry.backoff.max.ms = 1000
	retry.backoff.ms = 100
	sasl.client.callback.handler.class = null
	sasl.jaas.config = null
	sasl.kerberos.kinit.cmd = /usr/bin/kinit
	sasl.kerberos.min.time.before.relogin = 60000
	sasl.kerberos.service.name = null
	sasl.kerberos.ticket.renew.jitter = 0.05
	sasl.kerberos.ticket.renew.window.factor = 0.8
	sasl.login.callback.handler.class = null
	sasl.login.class = null
	sasl.login.connect.timeout.ms = null
	sasl.login.read.timeout.ms = null
	sasl.login.refresh.buffer.seconds = 300
	sasl.login.refresh.min.period.seconds = 60
	sasl.login.refresh.window.factor = 0.8
	sasl.login.refresh.window.jitter = 0.05
	sasl.login.retry.backoff.max.ms = 10000
	sasl.login.retry.backoff.ms = 100
	sasl.mechanism = GSSAPI
	sasl.oauthbearer.clock.skew.seconds = 30
	sasl.oauthbearer.expected.audience = null
	sasl.oauthbearer.expected.issuer = null
	sasl.oauthbearer.header.urlencode = false
	sasl.oauthbearer.jwks.endpoint.refresh.ms = 3600000
	sasl.oauthbearer.jwks.endpoint.retry.backoff.max.ms = 10000
	sasl.oauthbearer.jwks.endpoint.retry.backoff.ms = 100
	sasl.oauthbearer.jwks.endpoint.url = null
	sasl.oauthbearer.scope.claim.name = scope
	sasl.oauthbearer.sub.claim.name = sub
	sasl.oauthbearer.token.endpoint.url = null
	security.protocol = PLAINTEXT
	security.providers = null
	send.buffer.bytes = 131072
	socket.connection.setup.timeout.max.ms = 30000
	socket.connection.setup.timeout.ms = 10000
	ssl.cipher.suites = null
	ssl.enabled.protocols = [TLSv1.2, TLSv1.3]
	ssl.endpoint.identification.algorithm = https
	ssl.engine.factory.class = null
	ssl.key.password = null
	ssl.keymanager.algorithm = SunX509
	ssl.keystore.certificate.chain = null
	ssl.keystore.key = null
	ssl.keystore.location = null
	ssl.keystore.password = null
	ssl.keystore.type = JKS
	ssl.protocol = TLSv1.3
	ssl.provider = null
	ssl.secure.random.implementation = null
	ssl.trustmanager.algorithm = PKIX
	ssl.truststore.certificates = null
	ssl.truststore.location = null
	ssl.truststore.password = null
	ssl.truststore.type = JKS

2025-07-04T23:12:56.231+02:00  INFO 6504 --- [producer] [           main] o.a.kafka.common.utils.AppInfoParser     : Kafka version: 3.9.1
2025-07-04T23:12:56.232+02:00  INFO 6504 --- [producer] [           main] o.a.kafka.common.utils.AppInfoParser     : Kafka commitId: f745dfdcee2b9851
2025-07-04T23:12:56.232+02:00  INFO 6504 --- [producer] [           main] o.a.kafka.common.utils.AppInfoParser     : Kafka startTimeMs: 1751663576229
2025-07-04T23:12:56.755+02:00  INFO 6504 --- [producer] [roducer-admin-0] o.a.kafka.common.utils.AppInfoParser     : App info kafka.admin.client for producer-admin-0 unregistered
2025-07-04T23:12:56.763+02:00  INFO 6504 --- [producer] [roducer-admin-0] o.apache.kafka.common.metrics.Metrics    : Metrics scheduler closed
2025-07-04T23:12:56.763+02:00  INFO 6504 --- [producer] [roducer-admin-0] o.apache.kafka.common.metrics.Metrics    : Closing reporter org.apache.kafka.common.metrics.JmxReporter
2025-07-04T23:12:56.763+02:00  INFO 6504 --- [producer] [roducer-admin-0] o.apache.kafka.common.metrics.Metrics    : Metrics reporters closed
2025-07-04T23:12:56.770+02:00  INFO 6504 --- [producer] [           main] o.s.i.endpoint.EventDrivenConsumer       : Adding {logging-channel-adapter:_org.springframework.integration.errorLogger} as a subscriber to the 'errorChannel' channel
2025-07-04T23:12:56.771+02:00  INFO 6504 --- [producer] [           main] o.s.i.channel.PublishSubscribeChannel    : Channel 'producer.errorChannel' has 1 subscriber(s).
2025-07-04T23:12:56.772+02:00  INFO 6504 --- [producer] [           main] o.s.i.endpoint.EventDrivenConsumer       : started bean '_org.springframework.integration.errorLogger'
2025-07-04T23:12:56.819+02:00  INFO 6504 --- [producer] [           main] o.a.k.clients.consumer.ConsumerConfig    : ConsumerConfig values: 
	allow.auto.create.topics = true
	auto.commit.interval.ms = 5000
	auto.include.jmx.reporter = true
	auto.offset.reset = latest
	bootstrap.servers = [localhost:9092]
	check.crcs = true
	client.dns.lookup = use_all_dns_ips
	client.id = consumer-omegaon_topic_group-1
	client.rack = 
	connections.max.idle.ms = 540000
	default.api.timeout.ms = 60000
	enable.auto.commit = false
	enable.metrics.push = true
	exclude.internal.topics = true
	fetch.max.bytes = 52428800
	fetch.max.wait.ms = 500
	fetch.min.bytes = 1
	group.id = omegaon_topic_group
	group.instance.id = null
	group.protocol = classic
	group.remote.assignor = null
	heartbeat.interval.ms = 3000
	interceptor.classes = []
	internal.leave.group.on.close = true
	internal.throw.on.fetch.stable.offset.unsupported = false
	isolation.level = read_uncommitted
	key.deserializer = class org.apache.kafka.common.serialization.ByteArrayDeserializer
	max.partition.fetch.bytes = 1048576
	max.poll.interval.ms = 300000
	max.poll.records = 500
	metadata.max.age.ms = 300000
	metadata.recovery.strategy = none
	metric.reporters = []
	metrics.num.samples = 2
	metrics.recording.level = INFO
	metrics.sample.window.ms = 30000
	partition.assignment.strategy = [class org.apache.kafka.clients.consumer.RangeAssignor, class org.apache.kafka.clients.consumer.CooperativeStickyAssignor]
	receive.buffer.bytes = 65536
	reconnect.backoff.max.ms = 1000
	reconnect.backoff.ms = 50
	request.timeout.ms = 30000
	retry.backoff.max.ms = 1000
	retry.backoff.ms = 100
	sasl.client.callback.handler.class = null
	sasl.jaas.config = null
	sasl.kerberos.kinit.cmd = /usr/bin/kinit
	sasl.kerberos.min.time.before.relogin = 60000
	sasl.kerberos.service.name = null
	sasl.kerberos.ticket.renew.jitter = 0.05
	sasl.kerberos.ticket.renew.window.factor = 0.8
	sasl.login.callback.handler.class = null
	sasl.login.class = null
	sasl.login.connect.timeout.ms = null
	sasl.login.read.timeout.ms = null
	sasl.login.refresh.buffer.seconds = 300
	sasl.login.refresh.min.period.seconds = 60
	sasl.login.refresh.window.factor = 0.8
	sasl.login.refresh.window.jitter = 0.05
	sasl.login.retry.backoff.max.ms = 10000
	sasl.login.retry.backoff.ms = 100
	sasl.mechanism = GSSAPI
	sasl.oauthbearer.clock.skew.seconds = 30
	sasl.oauthbearer.expected.audience = null
	sasl.oauthbearer.expected.issuer = null
	sasl.oauthbearer.header.urlencode = false
	sasl.oauthbearer.jwks.endpoint.refresh.ms = 3600000
	sasl.oauthbearer.jwks.endpoint.retry.backoff.max.ms = 10000
	sasl.oauthbearer.jwks.endpoint.retry.backoff.ms = 100
	sasl.oauthbearer.jwks.endpoint.url = null
	sasl.oauthbearer.scope.claim.name = scope
	sasl.oauthbearer.sub.claim.name = sub
	sasl.oauthbearer.token.endpoint.url = null
	security.protocol = PLAINTEXT
	security.providers = null
	send.buffer.bytes = 131072
	session.timeout.ms = 45000
	socket.connection.setup.timeout.max.ms = 30000
	socket.connection.setup.timeout.ms = 10000
	ssl.cipher.suites = null
	ssl.enabled.protocols = [TLSv1.2, TLSv1.3]
	ssl.endpoint.identification.algorithm = https
	ssl.engine.factory.class = null
	ssl.key.password = null
	ssl.keymanager.algorithm = SunX509
	ssl.keystore.certificate.chain = null
	ssl.keystore.key = null
	ssl.keystore.location = null
	ssl.keystore.password = null
	ssl.keystore.type = JKS
	ssl.protocol = TLSv1.3
	ssl.provider = null
	ssl.secure.random.implementation = null
	ssl.trustmanager.algorithm = PKIX
	ssl.truststore.certificates = null
	ssl.truststore.location = null
	ssl.truststore.password = null
	ssl.truststore.type = JKS
	value.deserializer = class org.apache.kafka.common.serialization.ByteArrayDeserializer

2025-07-04T23:12:56.898+02:00  INFO 6504 --- [producer] [           main] o.a.k.c.t.i.KafkaMetricsCollector        : initializing Kafka metrics collector
2025-07-04T23:12:57.006+02:00  INFO 6504 --- [producer] [           main] o.a.kafka.common.utils.AppInfoParser     : Kafka version: 3.9.1
2025-07-04T23:12:57.007+02:00  INFO 6504 --- [producer] [           main] o.a.kafka.common.utils.AppInfoParser     : Kafka commitId: f745dfdcee2b9851
2025-07-04T23:12:57.007+02:00  INFO 6504 --- [producer] [           main] o.a.kafka.common.utils.AppInfoParser     : Kafka startTimeMs: 1751663577006
2025-07-04T23:12:57.010+02:00  INFO 6504 --- [producer] [           main] o.a.k.c.c.i.ClassicKafkaConsumer         : [Consumer clientId=consumer-omegaon_topic_group-1, groupId=omegaon_topic_group] Subscribed to topic(s): omegaon.test.topic
2025-07-04T23:12:57.063+02:00  INFO 6504 --- [producer] [           main] c.o.o.producer.ProducerApplicationTests  : Started ProducerApplicationTests in 4.566 seconds (process running for 6.371)
2025-07-04T23:12:57.093+02:00  INFO 6504 --- [producer] [ntainer#0-0-C-1] org.apache.kafka.clients.Metadata        : [Consumer clientId=consumer-omegaon_topic_group-1, groupId=omegaon_topic_group] Cluster ID: TGSYclF5QpuIphvlMCUSEw
2025-07-04T23:12:57.097+02:00  INFO 6504 --- [producer] [ntainer#0-0-C-1] o.a.k.c.c.internals.ConsumerCoordinator  : [Consumer clientId=consumer-omegaon_topic_group-1, groupId=omegaon_topic_group] Discovered group coordinator localhost:9092 (id: 2147483646 rack: null)
2025-07-04T23:12:57.100+02:00  INFO 6504 --- [producer] [ntainer#0-0-C-1] o.a.k.c.c.internals.ConsumerCoordinator  : [Consumer clientId=consumer-omegaon_topic_group-1, groupId=omegaon_topic_group] (Re-)joining group
2025-07-04T23:12:57.133+02:00  INFO 6504 --- [producer] [           main] o.a.k.clients.producer.ProducerConfig    : ProducerConfig values: 
	acks = -1
	auto.include.jmx.reporter = true
	batch.size = 16384
	bootstrap.servers = [localhost:9092]
	buffer.memory = 33554432
	client.dns.lookup = use_all_dns_ips
	client.id = producer-producer-1
	compression.gzip.level = -1
	compression.lz4.level = 9
	compression.type = none
	compression.zstd.level = 3
	connections.max.idle.ms = 540000
	delivery.timeout.ms = 120000
	enable.idempotence = true
	enable.metrics.push = true
	interceptor.classes = []
	key.serializer = class org.apache.kafka.common.serialization.ByteArraySerializer
	linger.ms = 0
	max.block.ms = 60000
	max.in.flight.requests.per.connection = 5
	max.request.size = 1048576
	metadata.max.age.ms = 300000
	metadata.max.idle.ms = 300000
	metadata.recovery.strategy = none
	metric.reporters = []
	metrics.num.samples = 2
	metrics.recording.level = INFO
	metrics.sample.window.ms = 30000
	partitioner.adaptive.partitioning.enable = true
	partitioner.availability.timeout.ms = 0
	partitioner.class = null
	partitioner.ignore.keys = false
	receive.buffer.bytes = 32768
	reconnect.backoff.max.ms = 1000
	reconnect.backoff.ms = 50
	request.timeout.ms = 30000
	retries = 2147483647
	retry.backoff.max.ms = 1000
	retry.backoff.ms = 100
	sasl.client.callback.handler.class = null
	sasl.jaas.config = null
	sasl.kerberos.kinit.cmd = /usr/bin/kinit
	sasl.kerberos.min.time.before.relogin = 60000
	sasl.kerberos.service.name = null
	sasl.kerberos.ticket.renew.jitter = 0.05
	sasl.kerberos.ticket.renew.window.factor = 0.8
	sasl.login.callback.handler.class = null
	sasl.login.class = null
	sasl.login.connect.timeout.ms = null
	sasl.login.read.timeout.ms = null
	sasl.login.refresh.buffer.seconds = 300
	sasl.login.refresh.min.period.seconds = 60
	sasl.login.refresh.window.factor = 0.8
	sasl.login.refresh.window.jitter = 0.05
	sasl.login.retry.backoff.max.ms = 10000
	sasl.login.retry.backoff.ms = 100
	sasl.mechanism = GSSAPI
	sasl.oauthbearer.clock.skew.seconds = 30
	sasl.oauthbearer.expected.audience = null
	sasl.oauthbearer.expected.issuer = null
	sasl.oauthbearer.header.urlencode = false
	sasl.oauthbearer.jwks.endpoint.refresh.ms = 3600000
	sasl.oauthbearer.jwks.endpoint.retry.backoff.max.ms = 10000
	sasl.oauthbearer.jwks.endpoint.retry.backoff.ms = 100
	sasl.oauthbearer.jwks.endpoint.url = null
	sasl.oauthbearer.scope.claim.name = scope
	sasl.oauthbearer.sub.claim.name = sub
	sasl.oauthbearer.token.endpoint.url = null
	security.protocol = PLAINTEXT
	security.providers = null
	send.buffer.bytes = 131072
	socket.connection.setup.timeout.max.ms = 30000
	socket.connection.setup.timeout.ms = 10000
	ssl.cipher.suites = null
	ssl.enabled.protocols = [TLSv1.2, TLSv1.3]
	ssl.endpoint.identification.algorithm = https
	ssl.engine.factory.class = null
	ssl.key.password = null
	ssl.keymanager.algorithm = SunX509
	ssl.keystore.certificate.chain = null
	ssl.keystore.key = null
	ssl.keystore.location = null
	ssl.keystore.password = null
	ssl.keystore.type = JKS
	ssl.protocol = TLSv1.3
	ssl.provider = null
	ssl.secure.random.implementation = null
	ssl.trustmanager.algorithm = PKIX
	ssl.truststore.certificates = null
	ssl.truststore.location = null
	ssl.truststore.password = null
	ssl.truststore.type = JKS
	transaction.timeout.ms = 60000
	transactional.id = null
	value.serializer = class org.springframework.kafka.support.serializer.JsonSerializer

2025-07-04T23:12:57.136+02:00  INFO 6504 --- [producer] [           main] o.a.k.c.t.i.KafkaMetricsCollector        : initializing Kafka metrics collector
2025-07-04T23:12:57.153+02:00  INFO 6504 --- [producer] [           main] o.a.k.clients.producer.KafkaProducer     : [Producer clientId=producer-producer-1] Instantiated an idempotent producer.
2025-07-04T23:12:57.155+02:00  INFO 6504 --- [producer] [ntainer#0-0-C-1] o.a.k.c.c.internals.ConsumerCoordinator  : [Consumer clientId=consumer-omegaon_topic_group-1, groupId=omegaon_topic_group] Request joining group due to: need to re-join with the given member-id: consumer-omegaon_topic_group-1-5d5b4a6c-00d5-468b-b385-2d7756a569a1
2025-07-04T23:12:57.157+02:00  INFO 6504 --- [producer] [ntainer#0-0-C-1] o.a.k.c.c.internals.ConsumerCoordinator  : [Consumer clientId=consumer-omegaon_topic_group-1, groupId=omegaon_topic_group] (Re-)joining group
2025-07-04T23:12:57.181+02:00  INFO 6504 --- [producer] [           main] o.a.kafka.common.utils.AppInfoParser     : Kafka version: 3.9.1
2025-07-04T23:12:57.181+02:00  INFO 6504 --- [producer] [           main] o.a.kafka.common.utils.AppInfoParser     : Kafka commitId: f745dfdcee2b9851
2025-07-04T23:12:57.181+02:00  INFO 6504 --- [producer] [           main] o.a.kafka.common.utils.AppInfoParser     : Kafka startTimeMs: 1751663577180
2025-07-04T23:12:57.182+02:00  INFO 6504 --- [producer] [ntainer#0-0-C-1] o.a.k.c.c.internals.ConsumerCoordinator  : [Consumer clientId=consumer-omegaon_topic_group-1, groupId=omegaon_topic_group] Successfully joined group with generation Generation{generationId=7, memberId='consumer-omegaon_topic_group-1-5d5b4a6c-00d5-468b-b385-2d7756a569a1', protocol='range'}
2025-07-04T23:12:57.195+02:00  INFO 6504 --- [producer] [ucer-producer-1] org.apache.kafka.clients.Metadata        : [Producer clientId=producer-producer-1] Cluster ID: TGSYclF5QpuIphvlMCUSEw
2025-07-04T23:12:57.195+02:00  INFO 6504 --- [producer] [ntainer#0-0-C-1] o.a.k.c.c.internals.ConsumerCoordinator  : [Consumer clientId=consumer-omegaon_topic_group-1, groupId=omegaon_topic_group] Finished assignment for group at generation 7: {consumer-omegaon_topic_group-1-5d5b4a6c-00d5-468b-b385-2d7756a569a1=Assignment(partitions=[omegaon.test.topic-0])}
2025-07-04T23:12:57.261+02:00  INFO 6504 --- [producer] [ntainer#0-0-C-1] o.a.k.c.c.internals.ConsumerCoordinator  : [Consumer clientId=consumer-omegaon_topic_group-1, groupId=omegaon_topic_group] Successfully synced group in generation Generation{generationId=7, memberId='consumer-omegaon_topic_group-1-5d5b4a6c-00d5-468b-b385-2d7756a569a1', protocol='range'}
2025-07-04T23:12:57.262+02:00  INFO 6504 --- [producer] [ntainer#0-0-C-1] o.a.k.c.c.internals.ConsumerCoordinator  : [Consumer clientId=consumer-omegaon_topic_group-1, groupId=omegaon_topic_group] Notifying assignor about the new Assignment(partitions=[omegaon.test.topic-0])
2025-07-04T23:12:57.266+02:00  INFO 6504 --- [producer] [ntainer#0-0-C-1] k.c.c.i.ConsumerRebalanceListenerInvoker : [Consumer clientId=consumer-omegaon_topic_group-1, groupId=omegaon_topic_group] Adding newly assigned partitions: omegaon.test.topic-0
2025-07-04T23:12:57.294+02:00  INFO 6504 --- [producer] [ntainer#0-0-C-1] o.a.k.c.c.internals.ConsumerUtils        : Setting offset for partition omegaon.test.topic-0 to the committed offset FetchPosition{offset=4, offsetEpoch=Optional.empty, currentLeader=LeaderAndEpoch{leader=Optional[localhost:9092 (id: 1 rack: null)], epoch=0}}
2025-07-04T23:12:57.297+02:00  INFO 6504 --- [producer] [ntainer#0-0-C-1] o.s.k.l.KafkaMessageListenerContainer    : omegaon_topic_group: partitions assigned: [omegaon.test.topic-0]
2025-07-04T23:12:57.315+02:00  INFO 6504 --- [producer] [ucer-producer-1] o.a.k.c.p.internals.TransactionManager   : [Producer clientId=producer-producer-1] ProducerId set to 1000 with epoch 0
--------------------new page view PageView[page=about, Duration=1000, userId=lola, source=kafka]
kafka_offset=4
kafka_consumer=org.springframework.kafka.core.DefaultKafkaConsumerFactory$ExtendedKafkaConsumer@42d555d1
kafka_timestampType=CREATE_TIME
kafka_receivedPartitionId=0
kafka_receivedTopic=omegaon.test.topic
kafka_receivedTimestamp=1751663577195
kafka_groupId=omegaon_topic_group
]]></system-out>
    <system-err><![CDATA[Mockito is currently self-attaching to enable the inline-mock-maker. This will no longer work in future releases of the JDK. Please add Mockito as an agent to your build as described in Mockito's documentation: https://javadoc.io/doc/org.mockito/mockito-core/latest/org.mockito/org/mockito/Mockito.html#0.3
WARNING: A Java agent has been loaded dynamically (/home/sobremesa/.m2/repository/net/bytebuddy/byte-buddy-agent/1.17.6/byte-buddy-agent-1.17.6.jar)
WARNING: If a serviceability tool is in use, please run with -XX:+EnableDynamicAgentLoading to hide this warning
WARNING: If a serviceability tool is not in use, please run with -Djdk.instrument.traceUsage for more information
WARNING: Dynamic loading of agents will be disallowed by default in a future release
]]></system-err>
  </testcase>
</testsuite>